\BOOKMARK [0][-]{chapter.1}{Doppio Arcobaleno e Indice di rifrazione dell'Acqua}{}% 1
\BOOKMARK [1][-]{section.1.1}{Scopo dell'esperienza}{chapter.1}% 2
\BOOKMARK [1][-]{section.1.2}{Apparato sperimentale e strumenti}{chapter.1}% 3
\BOOKMARK [1][-]{section.1.3}{Cenni Teorici}{chapter.1}% 4
\BOOKMARK [2][-]{subsection.1.3.1}{Deflessione nel caso di Luce incidente su una goccia d'acqua}{section.1.3}% 5
\BOOKMARK [2][-]{subsection.1.3.2}{Dispersione ottica all'interno delle gocce}{section.1.3}% 6
\BOOKMARK [1][-]{section.1.4}{Descrizione delle Misure}{chapter.1}% 7
\BOOKMARK [1][-]{section.1.5}{Analisi dei Dati}{chapter.1}% 8
\BOOKMARK [1][-]{section.1.6}{Conclusioni}{chapter.1}% 9
\BOOKMARK [0][-]{chapter.2}{Alone Lunare e Indice di rifrazione del Ghiaccio}{}% 10
\BOOKMARK [1][-]{section.2.1}{Scopo dell'esperienza}{chapter.2}% 11
\BOOKMARK [1][-]{section.2.2}{Apparato sperimentale e strumenti}{chapter.2}% 12
\BOOKMARK [1][-]{section.2.3}{Cenni Teorici}{chapter.2}% 13
\BOOKMARK [2][-]{subsection.2.3.1}{Legge di Gladstone-Dale}{section.2.3}% 14
\BOOKMARK [1][-]{section.2.4}{Descrizione delle Misure}{chapter.2}% 15
\BOOKMARK [1][-]{section.2.5}{Analisi dei Dati}{chapter.2}% 16
\BOOKMARK [2][-]{subsection.2.5.1}{Gladstone Dale}{section.2.5}% 17
\BOOKMARK [1][-]{section.2.6}{Conclusioni}{chapter.2}% 18
\BOOKMARK [0][-]{chapter.3}{Esperienze di Laboratorio}{}% 19
\BOOKMARK [1][-]{section.3.1}{Scopo dell'esperienza}{chapter.3}% 20
\BOOKMARK [1][-]{section.3.2}{Apparato sperimentale e strumenti}{chapter.3}% 21
\BOOKMARK [1][-]{section.3.3}{Cenni Teorici}{chapter.3}% 22
\BOOKMARK [1][-]{section.3.4}{Descrizione delle Misure}{chapter.3}% 23
\BOOKMARK [1][-]{section.3.5}{Analisi dei Dati}{chapter.3}% 24
\BOOKMARK [1][-]{section.3.6}{Conclusioni}{chapter.3}% 25
\BOOKMARK [1][-]{section.3.7}{Scopo dell'esperienza}{chapter.3}% 26
\BOOKMARK [1][-]{section.3.8}{Apparato sperimentale e strumenti}{chapter.3}% 27
\BOOKMARK [1][-]{section.3.9}{Cenni Teorici}{chapter.3}% 28
\BOOKMARK [1][-]{section.3.10}{Descrizione delle misure}{chapter.3}% 29
\BOOKMARK [1][-]{section.3.11}{Analisi dei Dati}{chapter.3}% 30
\BOOKMARK [1][-]{section.3.12}{Conclusioni}{chapter.3}% 31
